<?xml version="1.0" encoding="UTF-8"?>
<!-- Generated by org.testng.reporters.JUnitXMLReporter -->
<testsuite hostname="Hades" failures="0" tests="2" name="Default test" time="17.499" errors="0" timestamp="9 May 2022 13:37:11 GMT">
  <testcase classname="com.selenium.SampleSelenium.SampleSelGoogleTest2" name="sampleSelGoogleTest2" time="2.578"/>
  <testcase classname="com.selenium.SampleSelenium.SampleSelGoogleTest1" name="sampleSelGoogleTest1" time="5.142"/>
</testsuite> <!-- Default test -->
