<?xml version="1.0" encoding="UTF-8"?>
<testng-results total="2" passed="2" failed="0" skipped="0">
  <reporter-output>
  </reporter-output>
  <suite started-at="2022-05-09T13:36:54Z" name="Default suite" finished-at="2022-05-09T13:37:11Z" duration-ms="17499">
    <groups>
    </groups>
    <test started-at="2022-05-09T13:36:54Z" name="Default test" finished-at="2022-05-09T13:37:11Z" duration-ms="17499">
      <class name="com.selenium.SampleSelenium.SampleSelGoogleTest2">
        <test-method signature="sampleSelGoogleTest2()[pri:0, instance:com.selenium.SampleSelenium.SampleSelGoogleTest2@6f19ac19]" started-at="2022-05-09T19:07:00Z" name="sampleSelGoogleTest2" finished-at="2022-05-09T19:07:03Z" duration-ms="2578" status="PASS">
          <reporter-output>
          </reporter-output>
        </test-method> <!-- sampleSelGoogleTest2 -->
      </class> <!-- com.selenium.SampleSelenium.SampleSelGoogleTest2 -->
      <class name="com.selenium.SampleSelenium.SampleSelGoogleTest1">
        <test-method is-config="true" signature="setup()[pri:0, instance:com.selenium.SampleSelenium.SampleSelGoogleTest1@d278d2b]" started-at="2022-05-09T19:06:54Z" name="setup" finished-at="2022-05-09T19:06:58Z" duration-ms="4183" status="PASS">
          <reporter-output>
          </reporter-output>
        </test-method> <!-- setup -->
        <test-method is-config="true" signature="setup()[pri:0, instance:com.selenium.SampleSelenium.SampleSelGoogleTest2@6f19ac19]" started-at="2022-05-09T19:06:58Z" name="setup" finished-at="2022-05-09T19:07:00Z" duration-ms="2455" status="PASS">
          <reporter-output>
          </reporter-output>
        </test-method> <!-- setup -->
        <test-method signature="sampleSelGoogleTest1()[pri:0, instance:com.selenium.SampleSelenium.SampleSelGoogleTest1@d278d2b]" started-at="2022-05-09T19:07:03Z" name="sampleSelGoogleTest1" finished-at="2022-05-09T19:07:08Z" duration-ms="5142" status="PASS">
          <reporter-output>
          </reporter-output>
        </test-method> <!-- sampleSelGoogleTest1 -->
        <test-method is-config="true" signature="afterTest()[pri:0, instance:com.selenium.SampleSelenium.SampleSelGoogleTest1@d278d2b]" started-at="2022-05-09T19:07:08Z" name="afterTest" finished-at="2022-05-09T19:07:10Z" duration-ms="1563" status="PASS">
          <reporter-output>
          </reporter-output>
        </test-method> <!-- afterTest -->
        <test-method is-config="true" signature="afterTest()[pri:0, instance:com.selenium.SampleSelenium.SampleSelGoogleTest2@6f19ac19]" started-at="2022-05-09T19:07:10Z" name="afterTest" finished-at="2022-05-09T19:07:11Z" duration-ms="1305" status="PASS">
          <reporter-output>
          </reporter-output>
        </test-method> <!-- afterTest -->
      </class> <!-- com.selenium.SampleSelenium.SampleSelGoogleTest1 -->
    </test> <!-- Default test -->
  </suite> <!-- Default suite -->
</testng-results>
